<?xml version="1.0" encoding="UTF-8"?>
<testsuite name="ca.gbc.roomservice.RoomServiceControllerTest" tests="5" skipped="0" failures="0" errors="0" timestamp="2024-11-09T22:17:22" hostname="Brendans-iMac.lan" time="0.103">
  <properties/>
  <testcase name="getRoomById_ShouldReturnRoomById()" classname="ca.gbc.roomservice.RoomServiceControllerTest" time="0.067"/>
  <testcase name="checkRoomAvailability_ShouldReturnRoomAvailability()" classname="ca.gbc.roomservice.RoomServiceControllerTest" time="0.01"/>
  <testcase name="addRoom_ShouldReturnRoomServiceModel()" classname="ca.gbc.roomservice.RoomServiceControllerTest" time="0.016"/>
  <testcase name="getAllRooms_ShouldReturnListOfRooms()" classname="ca.gbc.roomservice.RoomServiceControllerTest" time="0.003"/>
  <testcase name="updateRoom_ShouldReturnUpdatedRoom()" classname="ca.gbc.roomservice.RoomServiceControllerTest" time="0.004"/>
  <system-out><![CDATA[17:17:21.774 [Test worker] INFO org.springframework.test.context.support.AnnotationConfigContextLoaderUtils -- Could not detect default configuration classes for test class [ca.gbc.roomservice.RoomServiceControllerTest]: RoomServiceControllerTest does not declare any static, non-private, non-final, nested classes annotated with @Configuration.
17:17:21.834 [Test worker] INFO org.springframework.boot.test.context.SpringBootTestContextBootstrapper -- Found @SpringBootConfiguration ca.gbc.roomservice.RoomServiceApplication for test class ca.gbc.roomservice.RoomServiceControllerTest

  .   ____          _            __ _ _
 /\\ / ___'_ __ _ _(_)_ __  __ _ \ \ \ \
( ( )\___ | '_ | '_| | '_ \/ _` | \ \ \ \
 \\/  ___)| |_)| | | | | || (_| |  ) ) ) )
  '  |____| .__|_| |_|_| |_\__, | / / / /
 =========|_|==============|___/=/_/_/_/

 :: Spring Boot ::                (v3.3.3)

2024-11-09T17:17:22.051-05:00  INFO 176 --- [room-service] [    Test worker] c.g.r.RoomServiceControllerTest          : Starting RoomServiceControllerTest using Java 22.0.2 with PID 176 (started by brendandasilva in /Users/brendandasilva/Documents/SCHOOL/YEAR 3/Web App Dev Using JAVA/GBC_EventBooking_Group33/room-service)
2024-11-09T17:17:22.051-05:00  INFO 176 --- [room-service] [    Test worker] c.g.r.RoomServiceControllerTest          : No active profile set, falling back to 1 default profile: "default"
2024-11-09T17:17:22.851-05:00  INFO 176 --- [room-service] [    Test worker] o.s.b.t.m.w.SpringBootMockServletContext : Initializing Spring TestDispatcherServlet ''
2024-11-09T17:17:22.851-05:00  INFO 176 --- [room-service] [    Test worker] o.s.t.web.servlet.TestDispatcherServlet  : Initializing Servlet ''
2024-11-09T17:17:22.852-05:00  INFO 176 --- [room-service] [    Test worker] o.s.t.web.servlet.TestDispatcherServlet  : Completed initialization in 1 ms
2024-11-09T17:17:22.864-05:00  INFO 176 --- [room-service] [    Test worker] c.g.r.RoomServiceControllerTest          : Started RoomServiceControllerTest in 0.998 seconds (process running for 1.427)
]]></system-out>
  <system-err><![CDATA[WARNING: A Java agent has been loaded dynamically (/Users/brendandasilva/.gradle/caches/modules-2/files-2.1/net.bytebuddy/byte-buddy-agent/1.14.19/154da3a65b4f4a909d3e5bdec55d1b2b4cbb6ce1/byte-buddy-agent-1.14.19.jar)
WARNING: If a serviceability tool is in use, please run with -XX:+EnableDynamicAgentLoading to hide this warning
WARNING: If a serviceability tool is not in use, please run with -Djdk.instrument.traceUsage for more information
WARNING: Dynamic loading of agents will be disallowed by default in a future release
]]></system-err>
</testsuite>
