<?xml version="1.0" encoding="UTF-8"?>
<testsuite name="ca.gbc.userservice.UserServiceApplicationTests" tests="1" skipped="0" failures="0" errors="0" timestamp="2024-11-09T22:18:48" hostname="Brendans-iMac.lan" time="0.903">
  <properties/>
  <testcase name="getAllUsersTest()" classname="ca.gbc.userservice.UserServiceApplicationTests" time="0.903"/>
  <system-out><![CDATA[17:18:44.565 [Test worker] INFO org.springframework.test.context.support.AnnotationConfigContextLoaderUtils -- Could not detect default configuration classes for test class [ca.gbc.userservice.UserServiceApplicationTests]: UserServiceApplicationTests does not declare any static, non-private, non-final, nested classes annotated with @Configuration.
17:18:44.583 [Test worker] INFO org.testcontainers.images.PullPolicy -- Image pull policy will be performed by: DefaultPullPolicy()
17:18:44.584 [Test worker] INFO org.testcontainers.utility.ImageNameSubstitutor -- Image name substitution will be performed by: DefaultImageNameSubstitutor (composite of 'ConfigurationFileImageNameSubstitutor' and 'PrefixingImageNameSubstitutor')
17:18:44.663 [Test worker] INFO org.testcontainers.dockerclient.DockerClientProviderStrategy -- Loaded org.testcontainers.dockerclient.UnixSocketClientProviderStrategy from ~/.testcontainers.properties, will try it first
17:18:44.774 [Test worker] INFO org.testcontainers.dockerclient.DockerClientProviderStrategy -- Found Docker environment with local Unix socket (unix:///var/run/docker.sock)
17:18:44.775 [Test worker] INFO org.testcontainers.DockerClientFactory -- Docker host IP address is localhost
17:18:44.787 [Test worker] INFO org.testcontainers.DockerClientFactory -- Connected to docker: 
  Server Version: 27.3.1
  API Version: 1.47
  Operating System: Docker Desktop
  Total Memory: 7837 MB
17:18:44.819 [Test worker] INFO tc.testcontainers/ryuk:0.7.0 -- Creating container for image: testcontainers/ryuk:0.7.0
17:18:44.963 [Test worker] INFO tc.testcontainers/ryuk:0.7.0 -- Container testcontainers/ryuk:0.7.0 is starting: a28d46241676d5f1b415962e215ed89f5fac90e0c63a9fd7df94030173fc6b00
17:18:45.158 [Test worker] INFO tc.testcontainers/ryuk:0.7.0 -- Container testcontainers/ryuk:0.7.0 started in PT0.339172S
17:18:45.167 [Test worker] INFO org.testcontainers.utility.RyukResourceReaper -- Ryuk started - will monitor and terminate Testcontainers containers on JVM exit
17:18:45.171 [Test worker] INFO org.testcontainers.DockerClientFactory -- Checking the system...
17:18:45.172 [Test worker] INFO org.testcontainers.DockerClientFactory -- ✔︎ Docker server version should be at least 1.6.0
17:18:45.172 [Test worker] INFO tc.postgres:latest -- Creating container for image: postgres:latest
17:18:45.190 [Test worker] INFO tc.postgres:latest -- Container postgres:latest is starting: a57123362240ce7f33539628822aa96bcf875d6767493a6c89bd1edf3c7f0256
17:18:45.851 [Test worker] INFO tc.postgres:latest -- Container postgres:latest started in PT0.678538S
17:18:45.852 [Test worker] INFO tc.postgres:latest -- Container is started (JDBC URL: jdbc:postgresql://localhost:57303/test?loggerLevel=OFF)
17:18:45.933 [Test worker] INFO org.springframework.boot.test.context.SpringBootTestContextBootstrapper -- Found @SpringBootConfiguration ca.gbc.userservice.UserServiceApplication for test class ca.gbc.userservice.UserServiceApplicationTests

  .   ____          _            __ _ _
 /\\ / ___'_ __ _ _(_)_ __  __ _ \ \ \ \
( ( )\___ | '_ | '_| | '_ \/ _` | \ \ \ \
 \\/  ___)| |_)| | | | | || (_| |  ) ) ) )
  '  |____| .__|_| |_|_| |_\__, | / / / /
 =========|_|==============|___/=/_/_/_/

 :: Spring Boot ::                (v3.3.3)

2024-11-09T17:18:46.120-05:00  INFO 253 --- [user-service] [    Test worker] c.g.u.UserServiceApplicationTests        : Starting UserServiceApplicationTests using Java 22.0.2 with PID 253 (started by brendandasilva in /Users/brendandasilva/Documents/SCHOOL/YEAR 3/Web App Dev Using JAVA/GBC_EventBooking_Group33/user-service)
2024-11-09T17:18:46.120-05:00  INFO 253 --- [user-service] [    Test worker] c.g.u.UserServiceApplicationTests        : The following 1 profile is active: "docker"
2024-11-09T17:18:46.481-05:00  INFO 253 --- [user-service] [    Test worker] .s.d.r.c.RepositoryConfigurationDelegate : Bootstrapping Spring Data JPA repositories in DEFAULT mode.
2024-11-09T17:18:46.500-05:00  INFO 253 --- [user-service] [    Test worker] .s.d.r.c.RepositoryConfigurationDelegate : Finished Spring Data repository scanning in 16 ms. Found 1 JPA repository interface.
2024-11-09T17:18:46.761-05:00  INFO 253 --- [user-service] [    Test worker] o.s.b.w.embedded.tomcat.TomcatWebServer  : Tomcat initialized with port 0 (http)
2024-11-09T17:18:46.766-05:00  INFO 253 --- [user-service] [    Test worker] o.apache.catalina.core.StandardService   : Starting service [Tomcat]
2024-11-09T17:18:46.766-05:00  INFO 253 --- [user-service] [    Test worker] o.apache.catalina.core.StandardEngine    : Starting Servlet engine: [Apache Tomcat/10.1.28]
2024-11-09T17:18:46.788-05:00  INFO 253 --- [user-service] [    Test worker] o.a.c.c.C.[Tomcat].[localhost].[/]       : Initializing Spring embedded WebApplicationContext
2024-11-09T17:18:46.789-05:00  INFO 253 --- [user-service] [    Test worker] w.s.c.ServletWebServerApplicationContext : Root WebApplicationContext: initialization completed in 593 ms
2024-11-09T17:18:46.877-05:00  INFO 253 --- [user-service] [    Test worker] tc.postgres:latest                       : Creating container for image: postgres:latest
2024-11-09T17:18:46.910-05:00  INFO 253 --- [user-service] [    Test worker] tc.postgres:latest                       : Container postgres:latest is starting: de3d9ba8f4713e1928fafb7544cbdc0194ade097b5438720a167f31aff3c6d83
2024-11-09T17:18:47.597-05:00  INFO 253 --- [user-service] [    Test worker] tc.postgres:latest                       : Container postgres:latest started in PT0.720903S
2024-11-09T17:18:47.598-05:00  INFO 253 --- [user-service] [    Test worker] tc.postgres:latest                       : Container is started (JDBC URL: jdbc:postgresql://localhost:57304/test?loggerLevel=OFF)
2024-11-09T17:18:47.811-05:00  INFO 253 --- [user-service] [    Test worker] org.flywaydb.core.FlywayExecutor         : Database: jdbc:postgresql://localhost:57303/test (PostgreSQL 17.0)
2024-11-09T17:18:47.819-05:00  WARN 253 --- [user-service] [    Test worker] o.f.c.internal.database.base.Database    : Flyway upgrade recommended: PostgreSQL 17.0 is newer than this version of Flyway and support has not been tested. The latest supported version of PostgreSQL is 16.
2024-11-09T17:18:47.833-05:00  INFO 253 --- [user-service] [    Test worker] o.f.c.i.s.JdbcTableSchemaHistory         : Schema history table "public"."flyway_schema_history" does not exist yet
2024-11-09T17:18:47.834-05:00  INFO 253 --- [user-service] [    Test worker] o.f.core.internal.command.DbValidate     : Successfully validated 1 migration (execution time 00:00.008s)
2024-11-09T17:18:47.847-05:00  INFO 253 --- [user-service] [    Test worker] o.f.c.i.s.JdbcTableSchemaHistory         : Creating Schema History table "public"."flyway_schema_history" ...
2024-11-09T17:18:47.880-05:00  INFO 253 --- [user-service] [    Test worker] o.f.core.internal.command.DbMigrate      : Current version of schema "public": << Empty Schema >>
2024-11-09T17:18:47.883-05:00  INFO 253 --- [user-service] [    Test worker] o.f.core.internal.command.DbMigrate      : Migrating schema "public" to version "1 - init"
2024-11-09T17:18:47.896-05:00  INFO 253 --- [user-service] [    Test worker] o.f.core.internal.command.DbMigrate      : Successfully applied 1 migration to schema "public", now at version v1 (execution time 00:00.006s)
2024-11-09T17:18:47.938-05:00  INFO 253 --- [user-service] [    Test worker] o.hibernate.jpa.internal.util.LogHelper  : HHH000204: Processing PersistenceUnitInfo [name: default]
2024-11-09T17:18:47.962-05:00  INFO 253 --- [user-service] [    Test worker] org.hibernate.Version                    : HHH000412: Hibernate ORM core version 6.5.2.Final
2024-11-09T17:18:47.976-05:00  INFO 253 --- [user-service] [    Test worker] o.h.c.internal.RegionFactoryInitiator    : HHH000026: Second-level cache disabled
2024-11-09T17:18:48.089-05:00  INFO 253 --- [user-service] [    Test worker] o.s.o.j.p.SpringPersistenceUnitInfo      : No LoadTimeWeaver setup: ignoring JPA class transformer
2024-11-09T17:18:48.100-05:00  INFO 253 --- [user-service] [    Test worker] com.zaxxer.hikari.HikariDataSource       : HikariPool-1 - Starting...
2024-11-09T17:18:48.119-05:00  INFO 253 --- [user-service] [    Test worker] com.zaxxer.hikari.pool.HikariPool        : HikariPool-1 - Added connection org.postgresql.jdbc.PgConnection@49d5c751
2024-11-09T17:18:48.119-05:00  INFO 253 --- [user-service] [    Test worker] com.zaxxer.hikari.HikariDataSource       : HikariPool-1 - Start completed.
2024-11-09T17:18:48.133-05:00  WARN 253 --- [user-service] [    Test worker] org.hibernate.orm.deprecation            : HHH90000025: PostgreSQLDialect does not need to be specified explicitly using 'hibernate.dialect' (remove the property setting and it will be selected by default)
2024-11-09T17:18:48.440-05:00  INFO 253 --- [user-service] [    Test worker] o.h.e.t.j.p.i.JtaPlatformInitiator       : HHH000489: No JTA platform available (set 'hibernate.transaction.jta.platform' to enable JTA platform integration)
2024-11-09T17:18:48.441-05:00  INFO 253 --- [user-service] [    Test worker] j.LocalContainerEntityManagerFactoryBean : Initialized JPA EntityManagerFactory for persistence unit 'default'
2024-11-09T17:18:48.587-05:00  WARN 253 --- [user-service] [    Test worker] JpaBaseConfiguration$JpaWebConfiguration : spring.jpa.open-in-view is enabled by default. Therefore, database queries may be performed during view rendering. Explicitly configure spring.jpa.open-in-view to disable this warning
2024-11-09T17:18:48.831-05:00  INFO 253 --- [user-service] [    Test worker] o.s.b.a.e.web.EndpointLinksResolver      : Exposing 1 endpoint beneath base path '/actuator'
2024-11-09T17:18:48.866-05:00  INFO 253 --- [user-service] [    Test worker] o.s.b.w.embedded.tomcat.TomcatWebServer  : Tomcat started on port 57319 (http) with context path '/'
2024-11-09T17:18:48.880-05:00  INFO 253 --- [user-service] [    Test worker] c.g.u.UserServiceApplicationTests        : Started UserServiceApplicationTests in 2.893 seconds (process running for 4.639)
2024-11-09T17:18:49.532-05:00  INFO 253 --- [user-service] [o-auto-1-exec-1] o.a.c.c.C.[Tomcat].[localhost].[/]       : Initializing Spring DispatcherServlet 'dispatcherServlet'
2024-11-09T17:18:49.532-05:00  INFO 253 --- [user-service] [o-auto-1-exec-1] o.s.web.servlet.DispatcherServlet        : Initializing Servlet 'dispatcherServlet'
2024-11-09T17:18:49.533-05:00  INFO 253 --- [user-service] [o-auto-1-exec-1] o.s.web.servlet.DispatcherServlet        : Completed initialization in 1 ms
]]></system-out>
  <system-err><![CDATA[WARNING: A Java agent has been loaded dynamically (/Users/brendandasilva/.gradle/caches/modules-2/files-2.1/net.bytebuddy/byte-buddy-agent/1.14.19/154da3a65b4f4a909d3e5bdec55d1b2b4cbb6ce1/byte-buddy-agent-1.14.19.jar)
WARNING: If a serviceability tool is in use, please run with -XX:+EnableDynamicAgentLoading to hide this warning
WARNING: If a serviceability tool is not in use, please run with -Djdk.instrument.traceUsage for more information
WARNING: Dynamic loading of agents will be disallowed by default in a future release
]]></system-err>
</testsuite>
